TN:
SF:src\App.jsx
FN:21,cls
FN:25,App
FN:26,(anonymous_2)
FN:30,(anonymous_3)
FN:35,(anonymous_4)
FN:39,(anonymous_5)
FN:40,(anonymous_6)
FN:47,(anonymous_7)
FN:61,(anonymous_8)
FN:68,(anonymous_9)
FN:69,(anonymous_10)
FN:71,(anonymous_11)
FN:71,(anonymous_12)
FN:73,(anonymous_13)
FN:74,(anonymous_14)
FN:83,(anonymous_15)
FN:84,(anonymous_16)
FN:85,(anonymous_17)
FN:86,(anonymous_18)
FN:92,(anonymous_19)
FN:94,(anonymous_20)
FN:94,(anonymous_21)
FN:94,(anonymous_22)
FN:96,(anonymous_23)
FN:98,(anonymous_24)
FN:98,(anonymous_25)
FN:99,(anonymous_26)
FN:99,(anonymous_27)
FN:103,(anonymous_28)
FN:104,(anonymous_29)
FN:106,(anonymous_30)
FN:108,(anonymous_31)
FN:108,(anonymous_32)
FN:111,(anonymous_33)
FN:125,(anonymous_34)
FN:139,(anonymous_35)
FN:144,(anonymous_36)
FN:146,(anonymous_37)
FN:151,(anonymous_38)
FN:153,(anonymous_39)
FN:160,(anonymous_40)
FN:164,(anonymous_41)
FN:169,(anonymous_42)
FN:173,(anonymous_43)
FN:183,(anonymous_44)
FN:184,(anonymous_45)
FN:193,(anonymous_46)
FN:193,(anonymous_47)
FN:195,(anonymous_48)
FN:195,(anonymous_49)
FN:200,(anonymous_50)
FN:205,(anonymous_51)
FN:208,(anonymous_52)
FN:209,(anonymous_53)
FN:220,(anonymous_54)
FN:221,(anonymous_55)
FN:236,(anonymous_56)
FN:243,(anonymous_57)
FN:258,(anonymous_58)
FN:269,IconBtn
FN:275,slugId
FN:281,CrudForm
FN:290,(anonymous_62)
FN:290,(anonymous_63)
FN:290,(anonymous_64)
FN:292,(anonymous_65)
FN:338,(anonymous_66)
FN:360,placeholderFor
FNF:68
FNH:34
FNDA:879,cls
FNDA:38,App
FNDA:14,(anonymous_2)
FNDA:14,(anonymous_3)
FNDA:0,(anonymous_4)
FNDA:0,(anonymous_5)
FNDA:0,(anonymous_6)
FNDA:14,(anonymous_7)
FNDA:14,(anonymous_8)
FNDA:14,(anonymous_9)
FNDA:15,(anonymous_10)
FNDA:14,(anonymous_11)
FNDA:168,(anonymous_12)
FNDA:21,(anonymous_13)
FNDA:252,(anonymous_14)
FNDA:0,(anonymous_15)
FNDA:0,(anonymous_16)
FNDA:0,(anonymous_17)
FNDA:0,(anonymous_18)
FNDA:21,(anonymous_19)
FNDA:1,(anonymous_20)
FNDA:1,(anonymous_21)
FNDA:0,(anonymous_22)
FNDA:0,(anonymous_23)
FNDA:0,(anonymous_24)
FNDA:0,(anonymous_25)
FNDA:0,(anonymous_26)
FNDA:0,(anonymous_27)
FNDA:2,(anonymous_28)
FNDA:0,(anonymous_29)
FNDA:0,(anonymous_30)
FNDA:0,(anonymous_31)
FNDA:0,(anonymous_32)
FNDA:0,(anonymous_33)
FNDA:1,(anonymous_34)
FNDA:0,(anonymous_35)
FNDA:3,(anonymous_36)
FNDA:380,(anonymous_37)
FNDA:1,(anonymous_38)
FNDA:76,(anonymous_39)
FNDA:1,(anonymous_40)
FNDA:0,(anonymous_41)
FNDA:1,(anonymous_42)
FNDA:0,(anonymous_43)
FNDA:0,(anonymous_44)
FNDA:114,(anonymous_45)
FNDA:0,(anonymous_46)
FNDA:0,(anonymous_47)
FNDA:1,(anonymous_48)
FNDA:1,(anonymous_49)
FNDA:254,(anonymous_50)
FNDA:1,(anonymous_51)
FNDA:0,(anonymous_52)
FNDA:0,(anonymous_53)
FNDA:1,(anonymous_54)
FNDA:0,(anonymous_55)
FNDA:0,(anonymous_56)
FNDA:0,(anonymous_57)
FNDA:0,(anonymous_58)
FNDA:549,IconBtn
FNDA:0,slugId
FNDA:2,CrudForm
FNDA:18,(anonymous_62)
FNDA:0,(anonymous_63)
FNDA:0,(anonymous_64)
FNDA:1,(anonymous_65)
FNDA:4,(anonymous_66)
FNDA:0,placeholderFor
DA:6,3
DA:21,879
DA:22,3
DA:23,3
DA:26,38
DA:27,14
DA:28,14
DA:30,38
DA:31,14
DA:32,14
DA:34,14
DA:36,0
DA:37,0
DA:40,0
DA:45,0
DA:48,14
DA:52,38
DA:53,38
DA:54,38
DA:55,38
DA:56,38
DA:57,38
DA:58,38
DA:59,38
DA:60,38
DA:61,38
DA:62,14
DA:64,38
DA:65,38
DA:66,38
DA:68,38
DA:69,38
DA:71,168
DA:73,38
DA:74,21
DA:75,252
DA:76,252
DA:77,223
DA:78,217
DA:79,211
DA:80,211
DA:81,207
DA:83,21
DA:84,21
DA:85,21
DA:86,0
DA:87,21
DA:90,38
DA:91,38
DA:92,38
DA:94,38
DA:96,38
DA:97,0
DA:98,0
DA:99,0
DA:100,0
DA:103,38
DA:104,38
DA:106,38
DA:107,0
DA:108,0
DA:110,0
DA:111,0
DA:113,0
DA:114,0
DA:117,38
DA:126,1
DA:139,0
DA:144,3
DA:146,380
DA:151,1
DA:153,76
DA:160,1
DA:164,0
DA:169,1
DA:173,0
DA:183,0
DA:184,114
DA:193,0
DA:195,1
DA:201,254
DA:205,1
DA:208,0
DA:209,0
DA:220,1
DA:221,0
DA:236,0
DA:243,0
DA:258,0
DA:270,549
DA:276,0
DA:277,0
DA:282,2
DA:283,2
DA:290,18
DA:292,2
DA:293,1
DA:294,1
DA:295,0
DA:296,1
DA:297,0
DA:298,0
DA:301,2
DA:338,4
DA:361,0
DA:362,0
LF:106
LH:73
BRDA:28,0,0,0
BRDA:28,0,1,14
BRDA:32,1,0,0
BRDA:32,1,1,14
BRDA:36,2,0,0
BRDA:36,2,1,0
BRDA:42,3,0,0
BRDA:42,3,1,0
BRDA:43,4,0,0
BRDA:43,4,1,0
BRDA:62,5,0,0
BRDA:62,5,1,14
BRDA:75,6,0,0
BRDA:75,6,1,252
BRDA:75,7,0,252
BRDA:75,7,1,0
BRDA:76,8,0,29
BRDA:76,8,1,223
BRDA:76,9,0,252
BRDA:76,9,1,36
BRDA:77,10,0,6
BRDA:77,10,1,217
BRDA:77,11,0,223
BRDA:77,11,1,12
BRDA:78,12,0,6
BRDA:78,12,1,211
BRDA:78,13,0,217
BRDA:78,13,1,12
BRDA:79,14,0,0
BRDA:79,14,1,211
BRDA:79,15,0,211
BRDA:79,15,1,0
BRDA:80,16,0,4
BRDA:80,16,1,207
BRDA:80,17,0,211
BRDA:80,17,1,12
BRDA:83,18,0,0
BRDA:83,18,1,21
BRDA:83,19,0,0
BRDA:83,19,1,21
BRDA:84,20,0,0
BRDA:84,20,1,21
BRDA:85,21,0,0
BRDA:85,21,1,21
BRDA:94,22,0,0
BRDA:94,22,1,1
BRDA:97,23,0,0
BRDA:97,23,1,0
BRDA:100,24,0,0
BRDA:100,24,1,0
BRDA:107,25,0,0
BRDA:107,25,1,0
BRDA:108,26,0,0
BRDA:108,26,1,0
BRDA:193,27,0,36
BRDA:193,27,1,2
BRDA:195,28,0,14
BRDA:195,28,1,24
BRDA:206,29,0,2
BRDA:206,29,1,252
BRDA:206,30,0,2
BRDA:206,30,1,252
BRDA:228,31,0,38
BRDA:228,31,1,0
BRDA:234,32,0,38
BRDA:234,32,1,2
BRDA:255,33,0,38
BRDA:255,33,1,4
BRDA:277,34,0,0
BRDA:277,34,1,0
BRDA:284,35,0,2
BRDA:284,35,1,2
BRDA:290,36,0,0
BRDA:290,36,1,0
BRDA:294,37,0,1
BRDA:294,37,1,0
BRDA:294,38,0,1
BRDA:294,38,1,0
BRDA:294,38,2,0
BRDA:294,38,3,0
BRDA:295,39,0,0
BRDA:295,39,1,0
BRDA:295,40,0,1
BRDA:295,40,1,0
BRDA:296,41,0,0
BRDA:296,41,1,1
BRDA:297,42,0,0
BRDA:297,42,1,0
BRDA:306,43,0,0
BRDA:306,43,1,2
BRDA:353,44,0,0
BRDA:353,44,1,2
BRDA:361,45,0,0
BRDA:361,45,1,0
BRF:94
BRH:49
end_of_record
