TN:
SF:app.js
FN:25,(anonymous_0)
FN:29,(anonymous_1)
FN:34,(anonymous_2)
FN:37,(anonymous_3)
FN:41,(anonymous_4)
FN:45,(anonymous_5)
FN:49,(anonymous_6)
FN:55,(anonymous_7)
FN:56,(anonymous_8)
FNF:9
FNH:8
FNDA:1,(anonymous_0)
FNDA:9,(anonymous_1)
FNDA:24,(anonymous_2)
FNDA:12,(anonymous_3)
FNDA:12,(anonymous_4)
FNDA:0,(anonymous_5)
FNDA:3,(anonymous_6)
FNDA:2,(anonymous_7)
FNDA:13,(anonymous_8)
DA:2,4
DA:3,4
DA:5,4
DA:6,4
DA:7,4
DA:10,4
DA:25,4
DA:26,1
DA:29,4
DA:30,9
DA:31,9
DA:33,9
DA:34,24
DA:36,9
DA:37,12
DA:39,9
DA:40,1
DA:41,12
DA:43,9
DA:44,0
DA:45,0
DA:47,9
DA:48,1
DA:49,3
DA:52,9
DA:55,4
DA:56,13
DA:57,2
DA:58,1
DA:60,1
DA:63,4
LF:31
LH:29
BRDA:33,0,0,2
BRDA:33,0,1,7
BRDA:36,1,0,1
BRDA:36,1,1,8
BRDA:39,2,0,1
BRDA:39,2,1,8
BRDA:43,3,0,0
BRDA:43,3,1,9
BRDA:47,4,0,1
BRDA:47,4,1,8
BRDA:57,5,0,1
BRDA:57,5,1,1
BRF:12
BRH:11
end_of_record
